SF:lib\src\validator.dart
DA:22,1
DA:31,1
DA:35,2
DA:40,1
DA:46,1
DA:57,1
LF:6
LH:6
end_of_record
SF:lib\src\text_rule_class.dart
DA:17,10
DA:26,2
DA:30,2
DA:31,6
LF:4
LH:4
end_of_record
SF:lib\src\rules\dates\is_date.dart
DA:4,0
DA:6,0
DA:9,0
DA:10,0
DA:14,1
DA:15,1
LF:6
LH:2
end_of_record
SF:lib\src\rules\dates\is_date_micro.dart
DA:6,0
DA:9,0
DA:11,0
DA:14,0
DA:15,0
DA:19,1
DA:21,1
DA:22,2
LF:8
LH:3
end_of_record
SF:lib\src\rules\numbers\is_int.dart
DA:6,0
DA:8,0
DA:11,0
DA:12,0
DA:15,2
DA:16,2
LF:6
LH:2
end_of_record
SF:lib\src\rules\dates\is_date_mills.dart
DA:6,0
DA:9,0
DA:11,0
DA:14,0
DA:15,0
DA:19,1
DA:21,1
DA:22,1
DA:23,1
LF:9
LH:4
end_of_record
SF:lib\src\rules\lists\contains_any.dart
DA:9,0
DA:11,0
DA:15,0
DA:16,0
DA:20,1
DA:27,1
DA:28,1
DA:29,0
DA:30,5
DA:33,0
DA:34,0
DA:35,0
DA:36,0
LF:13
LH:4
end_of_record
SF:lib\src\rules\text\contains.dart
DA:8,2
DA:10,0
DA:11,0
DA:13,1
DA:14,3
LF:5
LH:3
end_of_record
SF:lib\src\rules\it\is_email.dart
DA:7,0
DA:9,0
DA:12,0
DA:13,0
DA:17,0
LF:5
LH:0
end_of_record
SF:lib\src\rules\lists\is_in.dart
DA:6,0
DA:8,0
DA:11,0
DA:12,0
DA:16,2
DA:20,4
DA:21,8
DA:23,6
LF:8
LH:4
end_of_record
SF:lib\src\rules\lists\is_not_in.dart
DA:8,0
DA:10,0
DA:13,0
DA:14,0
DA:18,2
LF:5
LH:1
end_of_record
SF:lib\src\rules\magic\is_optional.dart
DA:7,2
DA:9,0
DA:12,2
LF:3
LH:2
end_of_record
SF:lib\src\rules\text\match.dart
DA:7,1
DA:11,1
DA:13,0
DA:16,1
DA:17,1
DA:18,2
DA:19,4
DA:23,1
DA:27,3
DA:28,1
LF:10
LH:9
end_of_record
SF:lib\src\rules\text\max_length.dart
DA:7,4
DA:9,1
DA:10,2
DA:12,2
DA:13,8
LF:5
LH:5
end_of_record
SF:lib\src\rules\text\min_length.dart
DA:8,2
DA:10,0
DA:11,0
DA:13,1
DA:15,4
DA:19,0
DA:20,0
LF:7
LH:3
end_of_record
SF:lib\src\rules\lists\not_contains_any.dart
DA:10,0
DA:12,0
DA:16,0
DA:18,0
DA:22,0
DA:23,0
LF:6
LH:0
end_of_record
SF:lib\src\rules\text\not_contains.dart
DA:8,2
DA:10,0
DA:11,0
DA:13,1
DA:14,3
LF:5
LH:3
end_of_record
SF:lib\src\rules\it\regx.dart
DA:6,0
DA:8,0
DA:11,0
DA:12,0
LF:4
LH:0
end_of_record
SF:lib\src\rules\text\is_empty.dart
DA:4,2
DA:6,0
DA:9,1
DA:10,1
DA:14,2
DA:15,4
LF:6
LH:5
end_of_record
SF:lib\src\rules\text\is_not_empty.dart
DA:7,4
DA:9,0
DA:12,2
DA:14,2
DA:21,4
DA:23,1
DA:28,2
DA:29,4
LF:8
LH:7
end_of_record
SF:lib\src\rules\it\is_port.dart
DA:5,0
DA:7,0
DA:10,0
DA:11,0
DA:14,1
DA:15,1
DA:16,2
LF:7
LH:3
end_of_record
SF:lib\src\rules\it\is_boolean.dart
DA:1,1
DA:2,1
DA:13,2
DA:14,2
DA:15,6
DA:17,1
LF:6
LH:6
end_of_record
SF:lib\src\rules\colors\is_hex_color.dart
DA:4,0
DA:6,0
DA:9,0
DA:10,0
DA:16,1
DA:17,2
LF:6
LH:2
end_of_record
