SF:lib\src\text_rule_class.dart
DA:13,29
DA:25,3
LF:2
LH:2
end_of_record
SF:lib\src\validator.dart
DA:22,1
DA:27,1
DA:38,2
DA:43,1
DA:49,2
DA:61,1
LF:6
LH:6
end_of_record
SF:lib\src\rules\colors\is_hex_color.dart
DA:7,2
DA:9,1
DA:10,1
DA:12,0
DA:13,0
DA:18,1
DA:20,2
DA:21,2
LF:8
LH:6
end_of_record
SF:lib\src\rules\dates\is_date.dart
DA:5,2
DA:7,1
DA:8,1
DA:10,0
DA:11,0
DA:15,2
LF:6
LH:4
end_of_record
SF:lib\src\rules\dates\is_date_mills.dart
DA:11,1
DA:14,1
DA:16,1
DA:17,2
DA:19,0
DA:20,0
DA:24,1
DA:26,1
DA:27,1
DA:28,1
LF:10
LH:8
end_of_record
SF:lib\src\rules\it\is_boolean.dart
DA:6,2
DA:8,1
DA:9,1
DA:10,0
DA:11,0
DA:14,1
DA:15,1
DA:20,2
DA:21,2
DA:22,4
DA:24,1
LF:11
LH:9
end_of_record
SF:lib\src\rules\it\is_email.dart
DA:9,2
DA:11,1
DA:12,1
DA:13,0
DA:14,0
DA:18,2
LF:6
LH:4
end_of_record
SF:lib\src\rules\it\is_port.dart
DA:7,2
DA:9,1
DA:10,1
DA:12,0
DA:13,0
DA:17,1
DA:19,1
DA:20,1
DA:21,1
DA:24,2
DA:28,2
LF:11
LH:9
end_of_record
SF:lib\src\rules\it\regx.dart
DA:8,2
DA:10,1
DA:11,2
DA:12,0
DA:13,0
LF:5
LH:3
end_of_record
SF:lib\src\rules\languages\is_ltr_language.dart
DA:14,2
DA:16,1
DA:17,1
DA:18,0
DA:19,0
DA:22,1
DA:23,2
LF:7
LH:5
end_of_record
SF:lib\src\rules\languages\is_rtl_language.dart
DA:14,2
DA:16,1
DA:17,1
DA:18,0
DA:19,0
DA:22,1
DA:23,2
LF:7
LH:5
end_of_record
SF:lib\src\rules\lists\contains_any.dart
DA:11,2
DA:13,1
DA:14,2
DA:15,0
DA:16,0
DA:20,2
DA:27,2
DA:28,2
DA:29,3
DA:30,10
DA:33,1
DA:34,1
DA:35,2
DA:36,3
LF:14
LH:12
end_of_record
SF:lib\src\rules\lists\is_in.dart
DA:9,2
DA:11,1
DA:12,2
DA:13,0
DA:14,0
DA:18,3
DA:22,6
DA:23,12
DA:25,3
LF:9
LH:7
end_of_record
SF:lib\src\rules\lists\is_not_in.dart
DA:10,2
DA:12,1
DA:13,2
DA:14,0
DA:15,0
DA:19,4
LF:6
LH:4
end_of_record
SF:lib\src\rules\lists\not_contains_any.dart
DA:12,1
DA:15,1
DA:17,0
DA:18,0
DA:20,1
DA:21,2
DA:24,1
DA:25,1
LF:8
LH:6
end_of_record
SF:lib\src\rules\magic\is_optional.dart
DA:9,4
DA:11,2
DA:13,0
LF:3
LH:2
end_of_record
SF:lib\src\rules\numbers\is_number.dart
DA:8,2
DA:10,1
DA:11,1
DA:12,0
DA:13,0
DA:16,2
LF:6
LH:4
end_of_record
SF:lib\src\rules\numbers\max_value.dart
DA:9,2
DA:11,1
DA:12,2
DA:13,0
DA:14,0
DA:17,1
DA:19,1
DA:20,1
DA:21,1
DA:23,1
DA:25,1
DA:28,1
LF:12
LH:10
end_of_record
SF:lib\src\rules\numbers\min_value.dart
DA:9,2
DA:11,1
DA:12,2
DA:13,0
DA:14,0
DA:17,1
DA:19,1
DA:20,1
DA:21,1
DA:23,1
DA:25,1
DA:28,1
LF:12
LH:10
end_of_record
SF:lib\src\rules\numbers\is_arabic_num.dart
DA:8,2
DA:10,1
DA:11,1
DA:12,0
DA:13,0
DA:16,1
DA:18,2
LF:7
LH:5
end_of_record
SF:lib\src\rules\numbers\is_hindi_num.dart
DA:8,2
DA:10,1
DA:11,1
DA:12,0
DA:13,0
DA:16,1
DA:18,2
LF:7
LH:5
end_of_record
SF:lib\src\rules\phone\is_egy_number.dart
DA:8,2
DA:10,1
DA:11,1
DA:12,0
DA:13,0
DA:16,1
DA:17,1
DA:19,1
LF:8
LH:6
end_of_record
SF:lib\src\rules\text\contains.dart
DA:11,2
DA:13,1
DA:14,3
DA:15,0
DA:16,0
LF:5
LH:3
end_of_record
SF:lib\src\rules\text\ends_with.dart
DA:5,2
DA:7,1
DA:8,3
DA:9,0
DA:10,0
LF:5
LH:3
end_of_record
SF:lib\src\rules\text\is_empty.dart
DA:7,2
DA:9,1
DA:10,1
DA:11,0
DA:12,0
DA:17,2
DA:18,4
LF:7
LH:5
end_of_record
SF:lib\src\rules\text\is_not_empty.dart
DA:14,4
DA:16,2
DA:17,2
DA:18,1
DA:23,2
DA:24,4
LF:6
LH:6
end_of_record
SF:lib\src\rules\text\match.dart
DA:10,1
DA:14,1
DA:16,1
DA:17,1
DA:18,2
DA:19,4
DA:20,0
DA:21,0
DA:25,1
DA:31,3
DA:33,1
LF:11
LH:9
end_of_record
SF:lib\src\rules\text\max_length.dart
DA:10,4
DA:12,2
DA:13,8
DA:14,1
DA:15,2
LF:5
LH:5
end_of_record
SF:lib\src\rules\text\min_length.dart
DA:11,4
DA:13,1
DA:15,4
DA:18,0
DA:19,0
DA:22,1
DA:24,3
LF:7
LH:5
end_of_record
SF:lib\src\rules\text\not_contains.dart
DA:11,2
DA:13,1
DA:14,3
DA:15,0
DA:16,0
LF:5
LH:3
end_of_record
SF:lib\src\rules\text\starts_with.dart
DA:9,2
DA:11,1
DA:12,3
DA:13,0
DA:14,0
LF:5
LH:3
end_of_record
